Log file open, 03/14/20 19:19:17
LogWindows: Failed to load 'aqProf.dll' (GetLastError=126)
LogWindows: File 'aqProf.dll' does not exist
LogWindows: Failed to load 'VSPerf140.dll' (GetLastError=126)
LogWindows: File 'VSPerf140.dll' does not exist
LogWindows: Failed to load 'VtuneApi.dll' (GetLastError=126)
LogWindows: File 'VtuneApi.dll' does not exist
LogWindows: Failed to load 'VtuneApi32e.dll' (GetLastError=126)
LogWindows: File 'VtuneApi32e.dll' does not exist
LogInit: Display: Running engine for game: MM_Prototype
LogPlatformFile: Not using cached read wrapper
LogTaskGraph: Started task graph with 5 named threads and 23 total threads with 3 sets of task threads.
LogStats: Stats thread started at 0.847728
LogD3D11RHI: Loaded GFSDK_Aftermath_Lib.x64.dll
LogICUInternationalization: Display: ICU TimeZone Detection - Raw Offset: +0:00, Platform Override: ''
LogPluginManager: Mounting plugin Paper2D
LogPluginManager: Mounting plugin AISupport
LogPluginManager: Mounting plugin LightPropagationVolume
LogPluginManager: Mounting plugin CLionSourceCodeAccess
LogPluginManager: Mounting plugin CodeLiteSourceCodeAccess
LogPluginManager: Mounting plugin GitSourceControl
LogPluginManager: Mounting plugin KDevelopSourceCodeAccess
LogPluginManager: Mounting plugin NullSourceCodeAccess
LogPluginManager: Mounting plugin PerforceSourceControl
LogPluginManager: Mounting plugin SubversionSourceControl
LogPluginManager: Mounting plugin UObjectPlugin
LogPluginManager: Mounting plugin VisualStudioCodeSourceCodeAccess
LogPluginManager: Mounting plugin VisualStudioSourceCodeAccess
LogPluginManager: Mounting plugin XCodeSourceCodeAccess
LogPluginManager: Mounting plugin AssetManagerEditor
LogPluginManager: Mounting plugin CryptoKeys
LogPluginManager: Mounting plugin DataValidation
LogPluginManager: Mounting plugin FacialAnimation
LogPluginManager: Mounting plugin GameplayTagsEditor
LogPluginManager: Mounting plugin MacGraphicsSwitching
LogPluginManager: Mounting plugin MeshEditor
LogPluginManager: Mounting plugin MobileLauncherProfileWizard
LogPluginManager: Mounting plugin PluginBrowser
LogPluginManager: Mounting plugin SpeedTreeImporter
LogPluginManager: Mounting plugin DatasmithContent
LogPluginManager: Mounting plugin AlembicImporter
LogPluginManager: Mounting plugin AppleImageUtils
LogPluginManager: Mounting plugin AppleVision
LogPluginManager: Mounting plugin BackChannel
LogPluginManager: Mounting plugin CharacterAI
LogPluginManager: Mounting plugin GeometryCache
LogPluginManager: Mounting plugin HTML5Networking
LogPluginManager: Mounting plugin ProxyLODPlugin
LogPluginManager: Mounting plugin MagicLeap
LogPluginManager: Mounting plugin MagicLeapEmulator
LogPluginManager: Mounting plugin MagicLeapMedia
LogPluginManager: Mounting plugin AndroidMedia
LogPluginManager: Mounting plugin AvfMedia
LogPluginManager: Mounting plugin ImgMedia
LogPluginManager: Mounting plugin LinearTimecode
LogPluginManager: Mounting plugin MediaCompositing
LogPluginManager: Mounting plugin MediaPlayerEditor
LogPluginManager: Mounting plugin WmfMedia
LogPluginManager: Mounting plugin TcpMessaging
LogPluginManager: Mounting plugin UdpMessaging
LogPluginManager: Mounting plugin ActorSequence
LogPluginManager: Mounting plugin LevelSequenceEditor
LogPluginManager: Mounting plugin MatineeToLevelSequence
LogPluginManager: Mounting plugin NetcodeUnitTest
LogPluginManager: Mounting plugin NUTUnrealEngine4
LogPluginManager: Mounting plugin OnlineSubsystemGooglePlay
LogPluginManager: Mounting plugin OnlineSubsystemIOS
LogPluginManager: Mounting plugin OnlineSubsystem
LogPluginManager: Mounting plugin OnlineSubsystemNull
LogPluginManager: Mounting plugin OnlineSubsystemUtils
LogPluginManager: Mounting plugin LauncherChunkInstaller
LogPluginManager: Mounting plugin AndroidDeviceProfileSelector
LogPluginManager: Mounting plugin AndroidMoviePlayer
LogPluginManager: Mounting plugin AndroidPermission
LogPluginManager: Mounting plugin AppleMoviePlayer
LogPluginManager: Mounting plugin ArchVisCharacter
LogPluginManager: Mounting plugin AudioCapture
LogPluginManager: Mounting plugin CableComponent
LogPluginManager: Mounting plugin CustomMeshComponent
LogPluginManager: Mounting plugin EditableMesh
LogPluginManager: Mounting plugin ExampleDeviceProfileSelector
LogPluginManager: Mounting plugin GoogleCloudMessaging
LogPluginManager: Mounting plugin ImmediatePhysics
LogPluginManager: Mounting plugin IOSDeviceProfileSelector
LogPluginManager: Mounting plugin LinuxDeviceProfileSelector
LogPluginManager: Mounting plugin LocationServicesBPLibrary
LogPluginManager: Mounting plugin MobilePatchingUtils
LogPluginManager: Mounting plugin OculusVR
LogPluginManager: Plugin shader directory ../../../Engine/Plugins/Runtime/Oculus/OculusVR/Shaders found
LogPluginManager: Mapping shader source directory ../../../Engine/Plugins/Runtime/Oculus/OculusVR/Shaders to virtual directory /Plugin/OculusVR
LogPluginManager: Mounting plugin PhysXVehicles
LogPluginManager: Mounting plugin ProceduralMeshComponent
LogPluginManager: Mounting plugin RuntimePhysXCooking
LogPluginManager: Mounting plugin SteamVR
LogPluginManager: Mounting plugin WindowsMoviePlayer
LogStreaming: Display: Took  0.369s to configure plugins.
LogInit: Using libcurl 7.55.1-DEV
LogInit:  - built for x86_64-pc-win32
LogInit:  - supports SSL with OpenSSL/1.0.2h
LogInit:  - supports HTTP deflate (compression) using libz 1.2.8
LogInit:  - other features:
LogInit:      CURL_VERSION_SSL
LogInit:      CURL_VERSION_LIBZ
LogInit:      CURL_VERSION_IPV6
LogInit:      CURL_VERSION_ASYNCHDNS
LogInit:      CURL_VERSION_LARGEFILE
LogInit:      CURL_VERSION_IDN
LogInit:  CurlRequestOptions (configurable via config and command line):
LogInit:  - bVerifyPeer = false  - Libcurl will NOT verify peer certificate
LogInit:  - bUseHttpProxy = false  - Libcurl will NOT use HTTP proxy
LogInit:  - bDontReuseConnections = false  - Libcurl will reuse connections
LogInit:  - CertBundlePath = nullptr  - Libcurl will use whatever was configured at build time.
LogInit:  - MaxHostConnections = 16  - Libcurl will limit the number of connections to a host
LogInit:  - LocalHostAddr = Default
LogInit:  - BufferSize = 65536
LogInit: WinSock: version 1.1 (2.2), MaxSocks=32767, MaxUdp=65467
LogInit: Build: ++UE4+Release-4.20-CL-4369336
LogInit: Engine Version: 4.20.3-4369336+++UE4+Release-4.20
LogInit: Compatible Engine Version: 4.20.0-4212847+++UE4+Release-4.20
LogInit: Net CL: 4212847
LogInit: OS: Windows 10 (), CPU: Intel(R) Core(TM) i7-4790K CPU @ 4.00GHz, GPU: NVIDIA GeForce GTX 980 Ti
LogInit: Compiled (64-bit): Sep 17 2018 12:26:19
LogInit: Compiled with Visual C++: 19.13.26129.00
LogInit: Build Configuration: Development
LogInit: Branch Name: ++UE4+Release-4.20
LogInit: Command Line:  
LogInit: Base Directory: C:/Applications/Epic Games/UE_4.20/Engine/Binaries/Win64/
LogInit: Installed Engine Build: 1
LogDevObjectVersion: Number of dev versions registered: 20
LogDevObjectVersion:   Dev-Blueprints (B0D832E4-1F89-4F0D-ACCF-7EB736FD4AA2): 10
LogDevObjectVersion:   Dev-Build (E1C64328-A22C-4D53-A36C-8E866417BD8C): 0
LogDevObjectVersion:   Dev-Core (375EC13C-06E4-48FB-B500-84F0262A717E): 2
LogDevObjectVersion:   Dev-Editor (E4B068ED-F494-42E9-A231-DA0B2E46BB41): 24
LogDevObjectVersion:   Dev-Framework (CFFC743F-43B0-4480-9391-14DF171D2073): 34
LogDevObjectVersion:   Dev-Mobile (B02B49B5-BB20-44E9-A304-32B752E40360): 2
LogDevObjectVersion:   Dev-Networking (A4E4105C-59A1-49B5-A7C5-40C4547EDFEE): 0
LogDevObjectVersion:   Dev-Online (39C831C9-5AE6-47DC-9A44-9C173E1C8E7C): 0
LogDevObjectVersion:   Dev-Physics (78F01B33-EBEA-4F98-B9B4-84EACCB95AA2): 0
LogDevObjectVersion:   Dev-Platform (6631380F-2D4D-43E0-8009-CF276956A95A): 0
LogDevObjectVersion:   Dev-Rendering (12F88B9F-8875-4AFC-A67C-D90C383ABD29): 26
LogDevObjectVersion:   Dev-Sequencer (7B5AE74C-D270-4C10-A958-57980B212A5A): 9
LogDevObjectVersion:   Dev-VR (D7296918-1DD6-4BDD-9DE2-64A83CC13884): 2
LogDevObjectVersion:   Dev-LoadTimes (C2A15278-BFE7-4AFE-6C17-90FF531DF755): 1
LogDevObjectVersion:   Private-Geometry (6EACA3D4-40EC-4CC1-B786-8BED09428FC5): 3
LogDevObjectVersion:   Dev-AnimPhys (29E575DD-E0A3-4627-9D10-D276232CDCEA): 17
LogDevObjectVersion:   Dev-ReflectionCapture (6B266CEC-1EC7-4B8F-A30B-E4D90942FC07): 1
LogDevObjectVersion:   Dev-Automation (0DF73D61-A23F-47EA-B727-89E90C41499A): 1
LogDevObjectVersion:   FortniteMain (601D1886-AC64-4F84-AA16-D3DE0DEAC7D6): 12
LogDevObjectVersion:   Dev-Enterprise (9DFFBCD6-494F-0158-E221-12823C92A888): 1
LogStreaming: Display: Took  0.012s to delete old logs.
LogInit: Presizing for max 8388607 objects, including 0 objects not considered by GC, pre-allocating 0 bytes for permanent pool.
LogInit: Object subsystem initialized
[2020.03.14-19.19.18:801][  0]LogInit: Selected Device Profile: [Windows]
[2020.03.14-19.19.18:802][  0]LogInit: Applying CVar settings loaded from the selected device profile: [Windows]
[2020.03.14-19.19.18:824][  0]LogHAL: Display: Platform has ~ 16 GB [17042763776 / 17179869184 / 16], which maps to Larger [LargestMinGB=32, LargerMinGB=12, DefaultMinGB=8, SmallerMinGB=6, SmallestMinGB=0)
[2020.03.14-19.19.18:825][  0]LogInit: Setting Device Profile CVar: [[r.Vulkan.UseRealUBs:1]]
[2020.03.14-19.19.18:825][  0]LogInit: Going up to parent DeviceProfile []
[2020.03.14-19.19.18:831][  0]LogInit: Computer: AOI
[2020.03.14-19.19.18:831][  0]LogInit: User: conor
[2020.03.14-19.19.18:831][  0]LogInit: CPU Page size=4096, Cores=4
[2020.03.14-19.19.18:831][  0]LogInit: High frequency timer resolution =10.000000 MHz
[2020.03.14-19.19.18:831][  0]LogMemory: Memory total: Physical=15.9GB (16GB approx)
[2020.03.14-19.19.18:831][  0]LogMemory: Platform Memory Stats for Windows
[2020.03.14-19.19.18:831][  0]LogMemory: Process Physical Memory: 105.28 MB used, 105.28 MB peak
[2020.03.14-19.19.18:831][  0]LogMemory: Process Virtual Memory: 89.29 MB used, 89.29 MB peak
[2020.03.14-19.19.18:831][  0]LogMemory: Physical Memory: 10784.33 MB used,  5468.92 MB free, 16253.25 MB total
[2020.03.14-19.19.18:831][  0]LogMemory: Virtual Memory: 4627.44 MB used,  5468.92 MB free, 134217728.00 MB total
[2020.03.14-19.19.19:196][  0]LogInit: Using OS detected language (en-GB).
[2020.03.14-19.19.19:196][  0]LogInit: Using OS detected locale (en-GB).
[2020.03.14-19.19.19:205][  0]LogTextLocalizationManager: No specific localization for 'en-GB' exists, so the 'en' localization will be used.
[2020.03.14-19.19.19:737][  0]LogStreaming: Display: Took  0.541s to InitEngineTextLocalization.
[2020.03.14-19.19.19:738][  0]LogInit: Setting process to per monitor DPI aware
[2020.03.14-19.19.19:873][  0]LogSlate: New Slate User Created.  User Index 0, Is Virtual User: 0
[2020.03.14-19.19.19:873][  0]LogSlate: Slate User Registered.  User Index 0, Is Virtual User: 0
[2020.03.14-19.19.21:662][  0]LogHMD: Failed to initialize OpenVR with code 110
[2020.03.14-19.19.21:662][  0]LogD3D11RHI: D3D11 adapters:
[2020.03.14-19.19.21:736][  0]LogD3D11RHI:    0. 'NVIDIA GeForce GTX 980 Ti' (Feature Level 11_0)
[2020.03.14-19.19.21:736][  0]LogD3D11RHI:       6097/0/8126 MB DedicatedVideo/DedicatedSystem/SharedSystem, Outputs:1, VendorId:0x10de
[2020.03.14-19.19.21:748][  0]LogD3D11RHI:    1. 'Intel(R) HD Graphics 4600' (Feature Level 11_0)
[2020.03.14-19.19.21:748][  0]LogD3D11RHI:       112/0/2048 MB DedicatedVideo/DedicatedSystem/SharedSystem, Outputs:1, VendorId:0x8086
[2020.03.14-19.19.21:751][  0]LogD3D11RHI:    2. 'Microsoft Basic Render Driver' (Feature Level 11_0)
[2020.03.14-19.19.21:751][  0]LogD3D11RHI:       0/0/8126 MB DedicatedVideo/DedicatedSystem/SharedSystem, Outputs:0, VendorId:0x1414
[2020.03.14-19.19.21:751][  0]LogD3D11RHI: Chosen D3D11 Adapter: 0
[2020.03.14-19.19.21:762][  0]LogD3D11RHI: Creating new Direct3DDevice
[2020.03.14-19.19.21:762][  0]LogD3D11RHI:     GPU DeviceId: 0x17c8 (for the marketing name, search the web for "GPU Device Id")
[2020.03.14-19.19.21:763][  0]LogWindows: EnumDisplayDevices:
[2020.03.14-19.19.21:763][  0]LogWindows:    0. 'NVIDIA GeForce GTX 980 Ti' (P:1 D:1)
[2020.03.14-19.19.21:764][  0]LogWindows:    1. 'NVIDIA GeForce GTX 980 Ti' (P:0 D:0)
[2020.03.14-19.19.21:764][  0]LogWindows:    2. 'NVIDIA GeForce GTX 980 Ti' (P:0 D:0)
[2020.03.14-19.19.21:764][  0]LogWindows:    3. 'NVIDIA GeForce GTX 980 Ti' (P:0 D:0)
[2020.03.14-19.19.21:764][  0]LogWindows:    4. 'Intel(R) HD Graphics 4600' (P:0 D:1)
[2020.03.14-19.19.21:764][  0]LogWindows:    5. 'Intel(R) HD Graphics 4600' (P:0 D:0)
[2020.03.14-19.19.21:765][  0]LogWindows: DebugString: PrimaryIsNotTheChoosenAdapter PrimaryIsNotTheChoosenAdapter FoundDriverCount:4 
[2020.03.14-19.19.21:765][  0]LogD3D11RHI:     Adapter Name: NVIDIA GeForce GTX 980 Ti
[2020.03.14-19.19.21:765][  0]LogD3D11RHI:   Driver Version: 442.59 (internal:26.21.14.4259, unified:442.59)
[2020.03.14-19.19.21:765][  0]LogD3D11RHI:      Driver Date: 3-4-2020
[2020.03.14-19.19.21:765][  0]LogRHI: Texture pool is 4268 MB (70% of 6097 MB)
[2020.03.14-19.19.21:820][  0]LogD3D11RHI: Async texture creation enabled
[2020.03.14-19.19.21:860][  0]LogD3D11RHI: GPU Timing Frequency: 1000.000000 (Debug: 2 1)
[2020.03.14-19.19.21:868][  0]LogShaderCompilers: Guid format shader working directory is -39 characters bigger than the processId version (D:/Projects/Enigmatic Studios/Mourning Mirrors/MourningMirrorsPrototype/MM_Prototype/Intermediate/Shaders/WorkingDirectory/17864/).
[2020.03.14-19.19.21:869][  0]LogShaderCompilers: Cleaned the shader compiler working directory 'C:/Users/conor/AppData/Local/Temp/UnrealShaderWorkingDir/62443273410A0BE9A595CC81F97155FF/'.
[2020.03.14-19.19.22:553][  0]LogTemp: Display: Loaded TP AllDesktopTargetPlatform
[2020.03.14-19.19.22:576][  0]LogTemp: Display: Loaded TP MacClientTargetPlatform
[2020.03.14-19.19.22:602][  0]LogTemp: Display: Loaded TP MacNoEditorTargetPlatform
[2020.03.14-19.19.22:628][  0]LogTemp: Display: Loaded TP MacServerTargetPlatform
[2020.03.14-19.19.22:660][  0]LogTemp: Display: Loaded TP MacTargetPlatform
[2020.03.14-19.19.22:685][  0]LogTemp: Display: Loaded TP WindowsClientTargetPlatform
[2020.03.14-19.19.22:715][  0]LogTemp: Display: Loaded TP WindowsNoEditorTargetPlatform
[2020.03.14-19.19.22:741][  0]LogTemp: Display: Loaded TP WindowsServerTargetPlatform
[2020.03.14-19.19.22:760][  0]LogTemp: Display: Loaded TP WindowsTargetPlatform
[2020.03.14-19.19.22:887][  0]LogTemp: Display: Loaded TP AndroidTargetPlatform
[2020.03.14-19.19.22:887][  0]LogTemp: Display: Loaded TP AndroidTargetPlatform
[2020.03.14-19.19.22:887][  0]LogTemp: Display: Loaded TP AndroidTargetPlatform
[2020.03.14-19.19.22:887][  0]LogTemp: Display: Loaded TP AndroidTargetPlatform
[2020.03.14-19.19.22:887][  0]LogTemp: Display: Loaded TP AndroidTargetPlatform
[2020.03.14-19.19.22:887][  0]LogTemp: Display: Loaded TP AndroidTargetPlatform
[2020.03.14-19.19.22:887][  0]LogTemp: Display: Loaded TP AndroidTargetPlatform
[2020.03.14-19.19.22:887][  0]LogTemp: Display: Loaded TP AndroidTargetPlatform
[2020.03.14-19.19.22:887][  0]LogTemp: Display: Loaded TP AndroidTargetPlatform
[2020.03.14-19.19.22:887][  0]LogTemp: Display: Loaded TP AndroidTargetPlatform
[2020.03.14-19.19.22:887][  0]LogTemp: Display: Loaded TP AndroidTargetPlatform
[2020.03.14-19.19.22:887][  0]LogTemp: Display: Loaded TP AndroidTargetPlatform
[2020.03.14-19.19.22:887][  0]LogTemp: Display: Loaded TP AndroidTargetPlatform
[2020.03.14-19.19.22:887][  0]LogTemp: Display: Loaded TP AndroidTargetPlatform
[2020.03.14-19.19.22:887][  0]LogTemp: Display: Loaded TP AndroidTargetPlatform
[2020.03.14-19.19.22:887][  0]LogTemp: Display: Loaded TP AndroidTargetPlatform
[2020.03.14-19.19.22:887][  0]LogTemp: Display: Loaded TP AndroidTargetPlatform
[2020.03.14-19.19.22:887][  0]LogTemp: Display: Loaded TP AndroidTargetPlatform
[2020.03.14-19.19.22:899][  0]LogTemp: Display: Loaded TP HTML5TargetPlatform
[2020.03.14-19.19.23:011][  0]LogTemp: Display: Loaded TP IOSTargetPlatform
[2020.03.14-19.19.23:011][  0]LogTemp: Display: Loaded TP IOSTargetPlatform
[2020.03.14-19.19.23:049][  0]LogTemp: Display: Loaded TP TVOSTargetPlatform
[2020.03.14-19.19.23:049][  0]LogTemp: Display: Loaded TP TVOSTargetPlatform
[2020.03.14-19.19.23:076][  0]LogTemp: Display: Loaded TP LinuxClientTargetPlatform
[2020.03.14-19.19.23:106][  0]LogTemp: Display: Loaded TP LinuxNoEditorTargetPlatform
[2020.03.14-19.19.23:134][  0]LogTemp: Display: Loaded TP LinuxServerTargetPlatform
[2020.03.14-19.19.23:172][  0]LogTemp: Display: Loaded TP LinuxTargetPlatform
[2020.03.14-19.19.23:196][  0]LogTemp: Display: Loaded TP LuminTargetPlatform
[2020.03.14-19.19.23:196][  0]LogTargetPlatformManager: Display: Building Assets For Windows
[2020.03.14-19.19.23:617][  0]LogXGEController: Cleaning working directory: C:/Users/conor/AppData/Local/Temp/UnrealXGEWorkingDir/
[2020.03.14-19.19.23:617][  0]LogXGEController: Cannot use XGE Controller as Incredibuild is not installed on this machine.
[2020.03.14-19.19.23:617][  0]LogShaderCompilers: Cannot use XGE Shader Compiler as Incredibuild is not installed on this machine.
[2020.03.14-19.19.23:617][  0]LogShaderCompilers: Display: Using Local Shader Compiler.
[2020.03.14-19.19.26:221][  0]LogDerivedDataCache: Display: Max Cache Size: 512 MB
[2020.03.14-19.19.26:454][  0]LogDerivedDataCache: Loaded boot cache 0.23s 71MB C:/Users/conor/AppData/Local/UnrealEngine/4.20/DerivedDataCache/Boot.ddc.
[2020.03.14-19.19.26:454][  0]LogDerivedDataCache: Display: Loaded Boot cache: C:/Users/conor/AppData/Local/UnrealEngine/4.20/DerivedDataCache/Boot.ddc
[2020.03.14-19.19.26:455][  0]LogDerivedDataCache: FDerivedDataBackendGraph:  Pak pak cache file D:/Projects/Enigmatic Studios/Mourning Mirrors/MourningMirrorsPrototype/MM_Prototype/DerivedDataCache/DDC.ddp not found, will not use a pak cache.
[2020.03.14-19.19.26:455][  0]LogDerivedDataCache: Unable to find inner node Pak for hierarchical cache Hierarchy.
[2020.03.14-19.19.26:455][  0]LogDerivedDataCache: FDerivedDataBackendGraph:  CompressedPak pak cache file D:/Projects/Enigmatic Studios/Mourning Mirrors/MourningMirrorsPrototype/MM_Prototype/DerivedDataCache/Compressed.ddp not found, will not use a pak cache.
[2020.03.14-19.19.26:455][  0]LogDerivedDataCache: Unable to find inner node CompressedPak for hierarchical cache Hierarchy.
[2020.03.14-19.19.26:486][  0]LogDerivedDataCache: Display: Pak cache opened for reading ../../../Engine/DerivedDataCache/Compressed.ddp.
[2020.03.14-19.19.26:500][  0]LogDerivedDataCache: Using Local data cache path C:/Users/conor/AppData/Local/UnrealEngine/Common/DerivedDataCache: Writable
[2020.03.14-19.19.26:500][  0]LogDerivedDataCache: Shared data cache path not found in *engine.ini, will not use an Shared cache.
[2020.03.14-19.19.26:500][  0]LogDerivedDataCache: Unable to find inner node Shared for hierarchical cache Hierarchy.
[2020.03.14-19.19.26:525][  0]LogMaterial: Verifying Global Shaders for PCD3D_SM5
[2020.03.14-19.19.26:531][  0]LogSlate: Using FreeType 2.6.0
[2020.03.14-19.19.26:545][  0]LogSlate: SlateFontServices - WITH_FREETYPE: 1, WITH_HARFBUZZ: 1
[2020.03.14-19.19.27:284][  0]LogAssetRegistry: FAssetRegistry took 0.0343 seconds to start up
[2020.03.14-19.19.28:011][  0]LogInit: Selected Device Profile: [Windows]
[2020.03.14-19.19.28:485][  0]LogSimplygon: Simplygon DLL not present - disabling.
[2020.03.14-19.19.28:545][  0]LogMeshReduction: Using SimplygonSwarm for distributed automatic mesh merging
[2020.03.14-19.19.28:545][  0]LogMeshReduction: Using ProxyLODMeshReduction for automatic mesh merging
[2020.03.14-19.19.28:545][  0]LogMeshReduction: Using QuadricMeshReduction for automatic static mesh reduction
[2020.03.14-19.19.28:545][  0]LogMeshReduction: No automatic skeletal mesh reduction module available
[2020.03.14-19.19.28:628][  0]LogNetVersion: MM_Prototype 1.0.0, NetCL: 4212847, EngineNetVer: 5, GameNetVer: 0 (Checksum: 1943462163)
[2020.03.14-19.19.30:069][  0]LogPackageLocalizationCache: Processed 11 localized package path(s) for 2 prioritized culture(s) in 0.206997 seconds
[2020.03.14-19.19.30:079][  0]LogUObjectArray: 38425 objects as part of root set at end of initial load.
[2020.03.14-19.19.30:079][  0]LogUObjectAllocator: 6690864 out of 0 bytes used by permanent object pool.
[2020.03.14-19.19.30:079][  0]LogUObjectArray: CloseDisregardForGC: 0/0 objects in disregard for GC pool
[2020.03.14-19.19.39:355][  0]LogTcpMessaging: Initializing TcpMessaging bridge
[2020.03.14-19.19.39:385][  0]LogUdpMessaging: Initializing bridge on interface 0.0.0.0:0 to multicast group 230.0.0.1:6666.
[2020.03.14-19.19.40:059][  0]SourceControl: Source control is disabled
[2020.03.14-19.19.40:060][  0]SourceControl: Source control is disabled
[2020.03.14-19.19.40:097][  0]SourceControl: Source control is disabled
[2020.03.14-19.19.40:112][  0]SourceControl: Source control is disabled
[2020.03.14-19.19.40:907][  0]LogAndroidPermission: UAndroidPermissionCallbackProxy::GetInstance
[2020.03.14-19.19.41:069][  0]LogOcInput: OculusInput pre-init called
[2020.03.14-19.19.41:295][  0]LogEngine: Initializing Engine...
[2020.03.14-19.19.41:300][  0]LogHMD: Failed to initialize OpenVR with code 110
[2020.03.14-19.19.41:303][  0]LogStats: UGameplayTagsManager::ConstructGameplayTagTree: ImportINI prefixes -  0.000 s
[2020.03.14-19.19.41:303][  0]LogStats: UGameplayTagsManager::ConstructGameplayTagTree: Construct from data asset -  0.000 s
[2020.03.14-19.19.41:303][  0]LogStats: UGameplayTagsManager::ConstructGameplayTagTree: ImportINI -  0.000 s
[2020.03.14-19.19.41:303][  0]LogStats: UGameplayTagsManager::ConstructGameplayTagTree: GameplayTagTreeChangedEvent.Broadcast -  0.000 s
[2020.03.14-19.19.41:683][  0]LogInit: Initializing FReadOnlyCVARCache
[2020.03.14-19.19.41:784][  0]LogAIModule: Creating AISystem for world Untitled
[2020.03.14-19.19.41:858][  0]LogInit: XAudio2 using 'Speakers / Headphones (Realtek High Definition Audio)' : 2 channels at 44.1 kHz using 32 bits per sample (channel mask 0x3)
[2020.03.14-19.19.41:912][  0]LogInit: FAudioDevice initialized.
[2020.03.14-19.19.41:914][  0]LogNetVersion: Set ProjectVersion to 1.0.0.0. Version Checksum will be recalculated on next use.
[2020.03.14-19.19.42:016][  0]LogDerivedDataCache: Saved boot cache 0.10s 71MB C:/Users/conor/AppData/Local/UnrealEngine/4.20/DerivedDataCache/Boot.ddc.
[2020.03.14-19.19.42:026][  0]LogInit: Texture streaming: Enabled
[2020.03.14-19.19.42:099][  0]LogEngineSessionManager: EngineSessionManager initialized
[2020.03.14-19.19.42:138][  0]LogInit: Transaction tracking system initialized
[2020.03.14-19.19.42:252][  0]BlueprintLog: New page: Editor Load
[2020.03.14-19.19.42:813][  0]LocalizationService: Localization service is disabled
[2020.03.14-19.19.43:659][  0]LogCook: Display: Max memory allowance for cook 16384mb min free memory 0mb
[2020.03.14-19.19.43:660][  0]LogCook: Display: Mobile HDR setting 1
[2020.03.14-19.19.43:661][  0]LogGameplayTags: Display: UGameplayTagsManager::DoneAddingNativeTags. DelegateIsBound: 0
[2020.03.14-19.19.43:661][  0]LogStats: UGameplayTagsManager::ConstructGameplayTagTree: ImportINI prefixes -  0.000 s
[2020.03.14-19.19.43:661][  0]LogStats: UGameplayTagsManager::ConstructGameplayTagTree: Construct from data asset -  0.000 s
[2020.03.14-19.19.43:661][  0]LogStats: UGameplayTagsManager::ConstructGameplayTagTree: ImportINI -  0.000 s
[2020.03.14-19.19.43:661][  0]LogStats: UGameplayTagsManager::ConstructGameplayTagTree: GameplayTagTreeChangedEvent.Broadcast -  0.000 s
[2020.03.14-19.19.44:408][  0]LogFileCache: Scanning file cache for directory 'D:/Projects/Enigmatic Studios/Mourning Mirrors/MourningMirrorsPrototype/MM_Prototype/Content/' took 0.02s
[2020.03.14-19.19.44:457][  0]SourceControl: Source control is disabled
[2020.03.14-19.19.44:460][  0]Cmd: MAP LOAD FILE="D:/Projects/Enigmatic Studios/Mourning Mirrors/MourningMirrorsPrototype/MM_Prototype/Content/FirstPersonBP/Maps/FirstPersonExampleMap.umap" TEMPLATE=0 SHOWPROGRESS=1 FEATURELEVEL=3
[2020.03.14-19.19.44:463][  0]LightingResults: New page: Lighting Build
[2020.03.14-19.19.44:483][  0]MapCheck: New page: Map Check
[2020.03.14-19.19.44:483][  0]LightingResults: New page: Lighting Build
[2020.03.14-19.19.47:823][  0]LogAIModule: Creating AISystem for world FirstPersonExampleMap
[2020.03.14-19.19.47:982][  0]LogEditorServer: Finished looking for orphan Actors (0.000 secs)
[2020.03.14-19.19.48:030][  0]Cmd: MAP CHECKDEP NOCLEARLOG
[2020.03.14-19.19.48:223][  0]MapCheck: Map check complete: 0 Error(s), 0 Warning(s), took 192.327ms to complete.
[2020.03.14-19.19.48:226][  0]LogFileHelpers: Loading map 'FirstPersonExampleMap' took 3.769
[2020.03.14-19.19.48:493][  0]LogSlate: Updating window title bar state: overlay mode, drag disabled, window buttons hidden, title bar hidden
[2020.03.14-19.19.48:506][  0]LogSlate: Updating window title bar state: overlay mode, drag disabled, window buttons hidden, title bar hidden
[2020.03.14-19.19.48:515][  0]LogSlate: Updating window title bar state: overlay mode, drag disabled, window buttons hidden, title bar hidden
[2020.03.14-19.19.48:526][  0]LogSlate: Updating window title bar state: overlay mode, drag disabled, window buttons hidden, title bar hidden
[2020.03.14-19.19.48:567][  0]LogCollectionManager: Loaded 0 collections in 0.001785 seconds
[2020.03.14-19.19.48:639][  0]LogFileCache: Scanning file cache for directory 'D:/Projects/Enigmatic Studios/Mourning Mirrors/MourningMirrorsPrototype/MM_Prototype/Saved/Collections/' took 0.01s
[2020.03.14-19.19.48:639][  0]LogFileCache: Scanning file cache for directory 'D:/Projects/Enigmatic Studios/Mourning Mirrors/MourningMirrorsPrototype/MM_Prototype/Content/Developers/conor/Collections/' took 0.01s
[2020.03.14-19.19.48:639][  0]LogFileCache: Scanning file cache for directory 'D:/Projects/Enigmatic Studios/Mourning Mirrors/MourningMirrorsPrototype/MM_Prototype/Content/Collections/' took 0.01s
[2020.03.14-19.19.48:639][  0]LogCollectionManager: Rebuilt the GUID cache for 0 collections in 0.000000 seconds
[2020.03.14-19.19.48:656][  0]LogContentBrowser: Native class hierarchy populated in 0.0144 seconds. Added 2572 classes and 603 folders.
[2020.03.14-19.19.48:673][  0]LogContentBrowser: Native class hierarchy updated for 'WidgetCarousel' in 0.0004 seconds. Added 0 classes and 0 folders.
[2020.03.14-19.19.49:198][  0]LogContentBrowser: Native class hierarchy updated for 'AddContentDialog' in 0.0004 seconds. Added 0 classes and 0 folders.
[2020.03.14-19.19.49:230][  0]LogContentBrowser: Native class hierarchy updated for 'SceneOutliner' in 0.0004 seconds. Added 1 classes and 2 folders.
[2020.03.14-19.19.49:356][  0]LogSlate: Took 0.004879 seconds to synchronously load lazily loaded font '../../../Engine/Content/Slate/Fonts/Roboto-Regular.ttf' (155K)
[2020.03.14-19.19.49:367][  0]LogSlate: Took 0.004316 seconds to synchronously load lazily loaded font '../../../Engine/Content/Slate/Fonts/Roboto-Bold.ttf' (160K)
[2020.03.14-19.19.49:381][  0]LogSlate: Took 0.004278 seconds to synchronously load lazily loaded font '../../../Engine/Content/Editor/Slate/Fonts/FontAwesome.ttf' (139K)
[2020.03.14-19.19.49:582][  0]LogRenderer: Reallocating scene render targets to support 1208x576 Format 10 NumSamples 1 (Frame:1).
[2020.03.14-19.19.49:953][  0]LogContentBrowser: Native class hierarchy updated for 'HierarchicalLODOutliner' in 0.0008 seconds. Added 0 classes and 0 folders.
[2020.03.14-19.19.49:953][  0]LogLoad: (Engine Initialization) Total time: 38.97 seconds
[2020.03.14-19.19.49:953][  0]LogLoad: (Engine Initialization) Total Blueprint compile time: 0.00 seconds
[2020.03.14-19.19.50:017][  0]LogContentStreaming: Texture pool size now 1000 MB
[2020.03.14-19.19.50:098][  1]LogAssetRegistry: Asset discovery search completed in 22.8390 seconds
[2020.03.14-19.19.50:102][  1]LogCollectionManager: Rebuilt the object cache for 0 collections in 0.000001 seconds (found 0 objects)
[2020.03.14-19.19.50:102][  1]LogCollectionManager: Fixed up redirectors for 0 collections in 0.000109 seconds (updated 0 objects)
[2020.03.14-19.19.54:117][ 13]LogSlate: Took 0.005007 seconds to synchronously load lazily loaded font '../../../Engine/Content/Slate/Fonts/Roboto-Light.ttf' (167K)
[2020.03.14-19.20.08:703][786]LogSlate: FSceneViewport::OnFocusLost() reason 0
[2020.03.14-19.21.50:324][275]LogSlate: Took 0.000272 seconds to synchronously load lazily loaded font '../../../Engine/Content/Slate/Fonts/Roboto-Light.ttf' (167K)
[2020.03.14-19.22.22:852][714]AssetReimport: New page: Outstanding source content changes 19:22:22
[2020.03.14-19.22.22:859][714]LogFactory: FactoryCreateFile: StaticMesh with FbxFactory (0 0 D:/Projects/Enigmatic Studios/Mourning Mirrors/MourningMirrorsPrototype/MM_Prototype/Content/Meshes/Tomb.fbx)
[2020.03.14-19.22.22:900][714]LogFbx: Loading FBX Scene from D:/Projects/Enigmatic Studios/Mourning Mirrors/MourningMirrorsPrototype/MM_Prototype/Content/Meshes/Tomb.fbx
[2020.03.14-19.22.22:911][714]LogFbx: FBX Scene Loaded Succesfully
[2020.03.14-19.22.45:420][714]LogSlate: Window 'FBX Import Options' being destroyed
[2020.03.14-19.22.45:515][714]LogStaticMesh: Building static mesh Tomb_Tomb_LOD...
[2020.03.14-19.22.45:525][714]LogStaticMesh: Built static mesh [0.01s] /Game/Meshes/Tomb_Tomb_LOD.Tomb_Tomb_LOD
[2020.03.14-19.22.45:550][714]LogStaticMesh: Building static mesh Tomb_TombLid_LOD...
[2020.03.14-19.22.45:550][714]LogStaticMesh: Built static mesh [0.00s] /Game/Meshes/Tomb_TombLid_LOD.Tomb_TombLid_LOD
[2020.03.14-19.22.45:684][715]Cmd: OBJ SAVEPACKAGE PACKAGE="/Game/Meshes/Tomb" FILE="D:/Projects/Enigmatic Studios/Mourning Mirrors/MourningMirrorsPrototype/MM_Prototype/Content/Meshes/Tomb.uasset" SILENT=true
[2020.03.14-19.22.45:699][715]LogSavePackage: Moving 'D:/Projects/Enigmatic Studios/Mourning Mirrors/MourningMirrorsPrototype/MM_Prototype/Saved/Tomb277ECB8A4F68CA4079251B898ED19BB0.tmp' to 'D:/Projects/Enigmatic Studios/Mourning Mirrors/MourningMirrorsPrototype/MM_Prototype/Content/Meshes/Tomb.uasset'
[2020.03.14-19.22.48:735][836]AssetReimport: Importing new asset /Game/Meshes/Tomb.
[2020.03.14-19.22.50:942][927]LogSlate: Window 'Message Log' being destroyed
[2020.03.14-19.22.50:965][927]LogSlate: Window 'Message Log' being destroyed
[2020.03.14-19.22.52:384][ 58]LogActorFactory: Actor Factory created Tomb_Tomb_LOD
[2020.03.14-19.22.53:236][144]LogActorFactory: Actor Factory created Tomb_Tomb_LOD
[2020.03.14-19.23.04:981][390]LogEditorViewport: Clicking on Actor (LMB): CorruptedArea_BP_C (CorruptedArea_BP3)
[2020.03.14-19.23.07:787][674]LogEditorViewport: Clicking on Actor (LMB): StaticMeshActor (Tomb_Tomb_LOD)
[2020.03.14-19.23.15:785][546]Cmd: TRANSACTION UNDO
[2020.03.14-19.23.15:785][546]LogEditorTransaction: Undo Move Actors
[2020.03.14-19.23.23:689][249]LogSlate: FSceneViewport::OnFocusLost() reason 0
[2020.03.14-19.23.31:672][926]LogSlate: FSceneViewport::OnFocusLost() reason 0
[2020.03.14-19.23.31:912][938]LogActorFactory: Actor Factory created Tomb_TombLid_LOD
[2020.03.14-19.23.32:852][999]LogActorFactory: Actor Factory created Tomb_TombLid_LOD
[2020.03.14-19.23.33:605][ 72]LogActorFactory: Actor Factory created Tomb_TombLid_LOD
[2020.03.14-19.23.55:147][367]LogSlate: FSceneViewport::OnFocusLost() reason 0
[2020.03.14-19.24.01:670][648]LogSlate: Window 'Delete Assets' being destroyed
[2020.03.14-19.24.27:590][940]LogEditorFactories: Performing atomic reimport of [D:/Projects/Enigmatic Studios/Mourning Mirrors/MourningMirrorsPrototype/MM_Prototype/Content/Meshes/Tomb.fbx]
[2020.03.14-19.24.27:641][940]LogFbx: Loading FBX Scene from D:/Projects/Enigmatic Studios/Mourning Mirrors/MourningMirrorsPrototype/MM_Prototype/Content/Meshes/Tomb.fbx
[2020.03.14-19.24.27:646][940]LogFbx: FBX Scene Loaded Succesfully
[2020.03.14-19.24.27:648][940]LogFbx: Warning: Triangulating static mesh Tomb_LOD
[2020.03.14-19.24.27:667][940]LogStaticMesh: Building static mesh Tomb_Tomb_LOD...
[2020.03.14-19.24.27:670][940]LogStaticMesh: Built static mesh [0.00s] /Game/Meshes/Tomb_Tomb_LOD.Tomb_Tomb_LOD
[2020.03.14-19.24.27:688][940]LogEditorFactories: -- imported successfully
[2020.03.14-19.24.27:700][940]FBXImport: Warning: No smoothing group information was found in this FBX scene.  Please make sure to enable the 'Export Smoothing Groups' option in the FBX Exporter plug-in before exporting the file.  Even for tools that don't support smoothing groups, the FBX Exporter will generate appropriate smoothing data at export-time so that correct vertex normals can be inferred while importing. 
[2020.03.14-19.24.45:287][141]LogEditorViewport: Clicking on Actor (LMB): StaticMeshActor (Tomb_Tomb_LOD)
[2020.03.14-19.24.46:534][255]LogSlate: FSceneViewport::OnFocusLost() reason 0
[2020.03.14-19.24.48:869][382]LogAssetEditorManager: Opening Asset editor for StaticMesh /Game/Meshes/Tomb_Tomb_LOD.Tomb_Tomb_LOD
[2020.03.14-19.24.49:528][382]LogSlate: Took 0.004693 seconds to synchronously load lazily loaded font '../../../Engine/Content/Slate/Fonts/Roboto-Italic.ttf' (157K)
[2020.03.14-19.24.54:054][627]LogSlate: FSceneViewport::OnFocusLost() reason 2
[2020.03.14-19.25.28:528][393]LogRenderer: Reallocating scene render targets to support 1432x924 Format 10 NumSamples 1 (Frame:703).
[2020.03.14-19.30.16:078][539]LogSavePackage: Moving 'D:/Projects/Enigmatic Studios/Mourning Mirrors/MourningMirrorsPrototype/MM_Prototype/Saved/FirstPersonExampleMap_Auto11D7BC8F94EDB7D4F270C49AB634C8698.tmp' to 'D:/Projects/Enigmatic Studios/Mourning Mirrors/MourningMirrorsPrototype/MM_Prototype/Saved/Autosaves/Game/FirstPersonBP/Maps/FirstPersonExampleMap_Auto1.umap'
[2020.03.14-19.30.16:087][539]LogFileHelpers: Editor autosave (incl. sublevels) for '/Game/FirstPersonBP/Maps/FirstPersonExampleMap' took 1.058
[2020.03.14-19.30.16:087][539]LogFileHelpers: Editor autosave (incl. sublevels) for all levels took 1.058
[2020.03.14-19.30.16:098][539]OBJ SavePackage: Generating thumbnails for [1] asset(s) in package [/Game/Meshes/Tomb_Tomb_LOD] ([1] browsable assets)...
[2020.03.14-19.30.16:126][539]OBJ SavePackage:     Rendered thumbnail for [StaticMesh /Game/Meshes/Tomb_Tomb_LOD.Tomb_Tomb_LOD]
[2020.03.14-19.30.16:126][539]OBJ SavePackage: Finished generating thumbnails for package [/Game/Meshes/Tomb_Tomb_LOD]
[2020.03.14-19.30.16:147][539]LogSavePackage: Moving 'D:/Projects/Enigmatic Studios/Mourning Mirrors/MourningMirrorsPrototype/MM_Prototype/Saved/Tomb_Tomb_LOD_Auto19D9464DB474B9939BC554E9BCE9E06D2.tmp' to 'D:/Projects/Enigmatic Studios/Mourning Mirrors/MourningMirrorsPrototype/MM_Prototype/Saved/Autosaves/Game/Meshes/Tomb_Tomb_LOD_Auto1.uasset'
[2020.03.14-19.30.16:150][539]OBJ SavePackage: Generating thumbnails for [1] asset(s) in package [/Game/Meshes/Tomb_TombLid_LOD] ([1] browsable assets)...
[2020.03.14-19.30.16:160][539]OBJ SavePackage:     Rendered thumbnail for [StaticMesh /Game/Meshes/Tomb_TombLid_LOD.Tomb_TombLid_LOD]
[2020.03.14-19.30.16:160][539]OBJ SavePackage: Finished generating thumbnails for package [/Game/Meshes/Tomb_TombLid_LOD]
[2020.03.14-19.30.16:174][539]LogSavePackage: Moving 'D:/Projects/Enigmatic Studios/Mourning Mirrors/MourningMirrorsPrototype/MM_Prototype/Saved/Tomb_TombLid_LOD_Auto1377F35F741A287ADBF23E5A1F6CB86D6.tmp' to 'D:/Projects/Enigmatic Studios/Mourning Mirrors/MourningMirrorsPrototype/MM_Prototype/Saved/Autosaves/Game/Meshes/Tomb_TombLid_LOD_Auto1.uasset'
[2020.03.14-19.30.16:176][539]LogFileHelpers: Auto-saving content packages took 0.080
[2020.03.14-19.30.18:170][546]LogSlate: Window 'Tomb_Tomb_LOD*' being destroyed
[2020.03.14-19.30.18:172][546]LogSlate: Window 'Tomb_Tomb_LOD*' being destroyed
[2020.03.14-19.30.19:978][639]LogEditorViewport: Clicking on Actor (LMB): StaticMeshActor (Tomb_TombLid_LOD)
[2020.03.14-19.32.21:587][948]LogSlate: FSceneViewport::OnFocusLost() reason 0
[2020.03.14-19.32.38:771][587]LogEditorViewport: Clicking on Actor (LMB): StaticMeshActor (Tomb_Tomb_LOD)
[2020.03.14-19.32.39:419][649]LogEditorViewport: Clicking on Actor (LMB): StaticMeshActor (Tomb_TombLid_LOD)
[2020.03.14-19.32.39:935][699]LogEditorViewport: Clicking on Actor (LMB): StaticMeshActor (Tomb_Tomb_LOD)
[2020.03.14-19.32.40:263][729]LogEditorViewport: Clicking on Actor (LMB): StaticMeshActor (Tomb_TombLid_LOD)
[2020.03.14-19.32.45:776][335]LogEditorViewport: Clicking on Actor (LMB): StaticMeshActor (Tomb_Tomb_LOD)
[2020.03.14-19.32.46:171][373]LogEditorViewport: Clicking on Actor (LMB): StaticMeshActor (Tomb_TombLid_LOD)
[2020.03.14-19.32.46:670][420]LogEditorViewport: Clicking on Actor (LMB): StaticMeshActor (Tomb_Tomb_LOD)
[2020.03.14-19.32.47:038][455]LogEditorViewport: Clicking on Actor (LMB): StaticMeshActor (Tomb_Tomb_LOD)
[2020.03.14-19.32.47:540][509]LogEditorViewport: Clicking on Actor (LMB): StaticMeshActor (Tomb_TombLid_LOD)
[2020.03.14-19.32.48:266][584]LogEditorViewport: Clicking on Actor (LMB): StaticMeshActor (Tomb_Tomb_LOD)
[2020.03.14-19.32.48:638][619]LogEditorViewport: Clicking on Actor (LMB): StaticMeshActor (Tomb_TombLid_LOD)
[2020.03.14-19.32.50:014][734]LogSlate: FSceneViewport::OnFocusLost() reason 0
